# JRE version: OpenJDK Runtime Environment (11.0.10) (build 11.0.10+0-b96-7249189)
# Java VM: OpenJDK 64-Bit Server VM (11.0.10+0-b96-7249189, mixed mode, tiered, compressed oops, g1 gc, windows-amd64)
Heap:
 garbage-first heap   total 485376K, used 198815K [0x0000000080000000, 0x0000000100000000)
  region size 1024K, 3 young (3072K), 3 survivors (3072K)
 Metaspace       used 167230K, capacity 172920K, committed 173260K, reserved 1200128K
  class space    used 20795K, capacity 22886K, committed 22988K, reserved 1048576K
GC Heap History (20 events):
Event: 2852.232 GC heap after
{Heap after GC invocations=224 (full 0):
 garbage-first heap   total 402432K, used 190201K [0x0000000080000000, 0x0000000100000000)
  region size 1024K, 3 young (3072K), 3 survivors (3072K)
 Metaspace       used 155473K, capacity 160322K, committed 162764K, reserved 1189888K
  class space    used 19267K, capacity 21078K, committed 22988K, reserved 1048576K
}
Event: 2853.271 GC heap before
{Heap before GC invocations=225 (full 0):
 garbage-first heap   total 402432K, used 208633K [0x0000000080000000, 0x0000000100000000)
  region size 1024K, 19 young (19456K), 3 survivors (3072K)
 Metaspace       used 157826K, capacity 162675K, committed 164300K, reserved 1189888K
  class space    used 19560K, capacity 21372K, committed 22988K, reserved 1048576K
}
Event: 2853.295 GC heap after
{Heap after GC invocations=226 (full 0):
 garbage-first heap   total 402432K, used 195239K [0x0000000080000000, 0x0000000100000000)
  region size 1024K, 3 young (3072K), 3 survivors (3072K)
 Metaspace       used 157826K, capacity 162675K, committed 164300K, reserved 1189888K
  class space    used 19560K, capacity 21372K, committed 22988K, reserved 1048576K
}
Event: 2854.026 GC heap before
{Heap before GC invocations=226 (full 0):
 garbage-first heap   total 402432K, used 211623K [0x0000000080000000, 0x0000000100000000)
  region size 1024K, 19 young (19456K), 3 survivors (3072K)
 Metaspace       used 159875K, capacity 164859K, committed 166348K, reserved 1191936K
  class space    used 19723K, capacity 21589K, committed 22988K, reserved 1048576K
}
Event: 2854.162 GC heap after
{Heap after GC invocations=227 (full 0):
 garbage-first heap   total 402432K, used 192419K [0x0000000080000000, 0x0000000100000000)
  region size 1024K, 1 young (1024K), 1 survivors (1024K)
 Metaspace       used 159875K, capacity 164859K, committed 166348K, reserved 1191936K
  class space    used 19723K, capacity 21589K, committed 22988K, reserved 1048576K
}
Event: 2854.734 GC heap before
{Heap before GC invocations=227 (full 0):
 garbage-first heap   total 402432K, used 210851K [0x0000000080000000, 0x0000000100000000)
  region size 1024K, 19 young (19456K), 1 survivors (1024K)
 Metaspace       used 162555K, capacity 167565K, committed 168652K, reserved 1196032K
  class space    used 20080K, capacity 21958K, committed 22988K, reserved 1048576K
}
Event: 2854.773 GC heap after
{Heap after GC invocations=228 (full 0):
 garbage-first heap   total 402432K, used 192881K [0x0000000080000000, 0x0000000100000000)
  region size 1024K, 2 young (2048K), 2 survivors (2048K)
 Metaspace       used 162555K, capacity 167565K, committed 168652K, reserved 1196032K
  class space    used 20080K, capacity 21958K, committed 22988K, reserved 1048576K
}
Event: 2855.785 GC heap before
{Heap before GC invocations=228 (full 0):
 garbage-first heap   total 402432K, used 209265K [0x0000000080000000, 0x0000000100000000)
  region size 1024K, 19 young (19456K), 2 survivors (2048K)
 Metaspace       used 163870K, capacity 169038K, committed 169932K, reserved 1196032K
  class space    used 20270K, capacity 22197K, committed 22988K, reserved 1048576K
}
Event: 2855.796 GC heap after
{Heap after GC invocations=229 (full 0):
 garbage-first heap   total 402432K, used 193769K [0x0000000080000000, 0x0000000100000000)
  region size 1024K, 3 young (3072K), 3 survivors (3072K)
 Metaspace       used 163870K, capacity 169038K, committed 169932K, reserved 1196032K
  class space    used 20270K, capacity 22197K, committed 22988K, reserved 1048576K
}
Event: 2856.643 GC heap before
{Heap before GC invocations=229 (full 0):
 garbage-first heap   total 402432K, used 210153K [0x0000000080000000, 0x0000000100000000)
  region size 1024K, 20 young (20480K), 3 survivors (3072K)
 Metaspace       used 165546K, capacity 170931K, committed 171468K, reserved 1198080K
  class space    used 20527K, capacity 22529K, committed 22988K, reserved 1048576K
}
Event: 2856.669 GC heap after
{Heap after GC invocations=230 (full 0):
 garbage-first heap   total 402432K, used 194911K [0x0000000080000000, 0x0000000100000000)
  region size 1024K, 3 young (3072K), 3 survivors (3072K)
 Metaspace       used 165546K, capacity 170931K, committed 171468K, reserved 1198080K
  class space    used 20527K, capacity 22529K, committed 22988K, reserved 1048576K
}
Event: 2857.135 GC heap before
{Heap before GC invocations=230 (full 0):
 garbage-first heap   total 402432K, used 214367K [0x0000000080000000, 0x0000000100000000)
  region size 1024K, 22 young (22528K), 3 survivors (3072K)
 Metaspace       used 167033K, capacity 172567K, committed 172748K, reserved 1200128K
  class space    used 20792K, capacity 22882K, committed 22988K, reserved 1048576K
}
Event: 2857.152 GC heap after
{Heap after GC invocations=231 (full 0):
 garbage-first heap   total 402432K, used 195074K [0x0000000080000000, 0x0000000100000000)
  region size 1024K, 2 young (2048K), 2 survivors (2048K)
 Metaspace       used 167033K, capacity 172567K, committed 172748K, reserved 1200128K
  class space    used 20792K, capacity 22882K, committed 22988K, reserved 1048576K
}
Event: 2875.671 GC heap before
{Heap before GC invocations=232 (full 0):
 garbage-first heap   total 402432K, used 220674K [0x0000000080000000, 0x0000000100000000)
  region size 1024K, 33 young (33792K), 2 survivors (2048K)
 Metaspace       used 167108K, capacity 172662K, committed 173004K, reserved 1200128K
  class space    used 20794K, capacity 22886K, committed 22988K, reserved 1048576K
}
Event: 2875.936 GC heap after
{Heap after GC invocations=233 (full 0):
 garbage-first heap   total 402432K, used 188032K [0x0000000080000000, 0x0000000100000000)
  region size 1024K, 3 young (3072K), 3 survivors (3072K)
 Metaspace       used 167108K, capacity 172662K, committed 173004K, reserved 1200128K
  class space    used 20794K, capacity 22886K, committed 22988K, reserved 1048576K
}
Event: 2878.064 GC heap before
{Heap before GC invocations=233 (full 0):
 garbage-first heap   total 402432K, used 205440K [0x0000000080000000, 0x0000000100000000)
  region size 1024K, 19 young (19456K), 3 survivors (3072K)
 Metaspace       used 167117K, capacity 172663K, committed 173004K, reserved 1200128K
  class space    used 20794K, capacity 22886K, committed 22988K, reserved 1048576K
}
Event: 2878.166 GC heap after
{Heap after GC invocations=234 (full 0):
 garbage-first heap   total 402432K, used 190978K [0x0000000080000000, 0x0000000100000000)
  region size 1024K, 3 young (3072K), 3 survivors (3072K)
 Metaspace       used 167117K, capacity 172663K, committed 173004K, reserved 1200128K
  class space    used 20794K, capacity 22886K, committed 22988K, reserved 1048576K
}
Event: 2879.404 GC heap before
{Heap before GC invocations=234 (full 0):
 garbage-first heap   total 402432K, used 207362K [0x0000000080000000, 0x0000000100000000)
  region size 1024K, 19 young (19456K), 3 survivors (3072K)
 Metaspace       used 167120K, capacity 172664K, committed 173004K, reserved 1200128K
  class space    used 20794K, capacity 22886K, committed 22988K, reserved 1048576K
}
Event: 2879.501 GC heap after
{Heap after GC invocations=235 (full 0):
 garbage-first heap   total 402432K, used 195771K [0x0000000080000000, 0x0000000100000000)
  region size 1024K, 3 young (3072K), 3 survivors (3072K)
 Metaspace       used 167120K, capacity 172664K, committed 173004K, reserved 1200128K
  class space    used 20794K, capacity 22886K, committed 22988K, reserved 1048576K
}
Event: 2880.258 GC heap before
{Heap before GC invocations=235 (full 0):
 garbage-first heap   total 402432K, used 212155K [0x0000000080000000, 0x0000000100000000)
  region size 1024K, 19 young (19456K), 3 survivors (3072K)
 Metaspace       used 167230K, capacity 172920K, committed 173260K, reserved 1200128K
  class space    used 20795K, capacity 22886K, committed 22988K, reserved 1048576K
}

